<?xml version="1.0" encoding="UTF-8"?>
<!-- Generated by org.testng.reporters.JUnitXMLReporter -->
<testsuite hostname="QMP8078FC" ignored="0" name="Test" tests="6" failures="2" timestamp="18 Jun 2019 13:43:02 GMT" time="833.791" errors="0">
  <testcase name="Desktop" time="113.461" classname="org.testcases.CreditsesameTest"/>
  <testcase name="Mobile" time="199.27" classname="org.testcases.CreditsesameTest"/>
  <testcase name="Desktop" time="107.414" classname="org.testcases.PersonalloansTest"/>
  <testcase name="Mobile" time="198.695" classname="org.testcases.PersonalloansTest"/>
  <testcase name="Desktop" time="72.168" classname="org.testcases.SecureamoneTest">
    <failure type="java.lang.AssertionError" message="expected [By clicking See your offers now, you are providing your consent to the following:To be matched with up to five lenders or debt relief service providers and for them and/or GuidetoLenders to contact you (including by automated dialing systems and text) by telephone, mobile device (including SMS and MMS), and/or email, even if you are on a corporate, state or national Do Not Call list. Consent is not required in order to purchase goods and services from the Lenders or service providers that reach out to you.You authorize GuideToLenders to obtain your credit report and Social Security Number from a credit bureau to verify your identity and match you with up to five lenders. You further authorize GuideToLenders to provide to these lenders your full Social Security Number and any information you submitted to GuideToLenders. You further authorize these lenders separately to obtain your consumer credit report, credit score, and other information from one or more consumer reporting agencies to verify your identity and provide you with quotes.You agree to QS&amp;apos; Privacy Policy, Terms of Use and Consent to Receive Electronic Communications] but found [By clicking See your offers now, you are providing your consent to the following:To be matched with up to five lenders or debt relief service providers and for them and/or GuidetoLenders/AmOne to contact you (including by automated dialing systems and text) by telephone, mobile device (including SMS and MMS), and/or email, even if you are on a corporate, state or national Do Not Call list. Consent is not required in order to purchase goods and services from the Lenders or service providers that reach out to you.You authorize AmOne to obtain your credit report and Social Security Number from a credit bureau to verify your identity and match you with up to five lenders. You further authorize AmOne to provide to these lenders your full Social Security Number and any information you submitted to AmOne. You further authorize these lenders separately to obtain your consumer credit report, credit score, and other information from one or more consumer reporting agencies to verify your identity and provide you with quotes.You agree to QS&amp;apos; Privacy Policy, Terms of Use and Consent to Receive Electronic Communications]">
      <![CDATA[java.lang.AssertionError: expected [By clicking See your offers now, you are providing your consent to the following:To be matched with up to five lenders or debt relief service providers and for them and/or GuidetoLenders to contact you (including by automated dialing systems and text) by telephone, mobile device (including SMS and MMS), and/or email, even if you are on a corporate, state or national Do Not Call list. Consent is not required in order to purchase goods and services from the Lenders or service providers that reach out to you.You authorize GuideToLenders to obtain your credit report and Social Security Number from a credit bureau to verify your identity and match you with up to five lenders. You further authorize GuideToLenders to provide to these lenders your full Social Security Number and any information you submitted to GuideToLenders. You further authorize these lenders separately to obtain your consumer credit report, credit score, and other information from one or more consumer reporting agencies to verify your identity and provide you with quotes.You agree to QS' Privacy Policy, Terms of Use and Consent to Receive Electronic Communications] but found [By clicking See your offers now, you are providing your consent to the following:To be matched with up to five lenders or debt relief service providers and for them and/or GuidetoLenders/AmOne to contact you (including by automated dialing systems and text) by telephone, mobile device (including SMS and MMS), and/or email, even if you are on a corporate, state or national Do Not Call list. Consent is not required in order to purchase goods and services from the Lenders or service providers that reach out to you.You authorize AmOne to obtain your credit report and Social Security Number from a credit bureau to verify your identity and match you with up to five lenders. You further authorize AmOne to provide to these lenders your full Social Security Number and any information you submitted to AmOne. You further authorize these lenders separately to obtain your consumer credit report, credit score, and other information from one or more consumer reporting agencies to verify your identity and provide you with quotes.You agree to QS' Privacy Policy, Terms of Use and Consent to Receive Electronic Communications]
	at org.module.PersonalLoans.validateDisclosureInfo(PersonalLoans.java:293)
	at org.module.PersonalLoans.PersonalLoanForm(PersonalLoans.java:431)
	at org.testcases.SecureamoneTest.Desktop(SecureamoneTest.java:22)
... Removed 30 stack frames]]>
    </failure>
  </testcase> <!-- Desktop -->
  <testcase name="Mobile" time="140.996" classname="org.testcases.SecureamoneTest">
    <failure type="java.lang.AssertionError" message="expected [By clicking See your offers now, you are providing your consent to the following:To be matched with up to five lenders or debt relief service providers and for them and/or GuidetoLenders to contact you (including by automated dialing systems and text) by telephone, mobile device (including SMS and MMS), and/or email, even if you are on a corporate, state or national Do Not Call list. Consent is not required in order to purchase goods and services from the Lenders or service providers that reach out to you.You authorize GuideToLenders to obtain your credit report and Social Security Number from a credit bureau to verify your identity and match you with up to five lenders. You further authorize GuideToLenders to provide to these lenders your full Social Security Number and any information you submitted to GuideToLenders. You further authorize these lenders separately to obtain your consumer credit report, credit score, and other information from one or more consumer reporting agencies to verify your identity and provide you with quotes.You agree to QS&amp;apos; Privacy Policy, Terms of Use and Consent to Receive Electronic Communications] but found [By clicking See your offers now, you are providing your consent to the following:To be matched with up to five lenders or debt relief service providers and for them and/or GuidetoLenders/AmOne to contact you (including by automated dialing systems and text) by telephone, mobile device (including SMS and MMS), and/or email, even if you are on a corporate, state or national Do Not Call list. Consent is not required in order to purchase goods and services from the Lenders or service providers that reach out to you.You authorize AmOne to obtain your credit report and Social Security Number from a credit bureau to verify your identity and match you with up to five lenders. You further authorize AmOne to provide to these lenders your full Social Security Number and any information you submitted to AmOne. You further authorize these lenders separately to obtain your consumer credit report, credit score, and other information from one or more consumer reporting agencies to verify your identity and provide you with quotes.You agree to QS&amp;apos; Privacy Policy, Terms of Use and Consent to Receive Electronic Communications]">
      <![CDATA[java.lang.AssertionError: expected [By clicking See your offers now, you are providing your consent to the following:To be matched with up to five lenders or debt relief service providers and for them and/or GuidetoLenders to contact you (including by automated dialing systems and text) by telephone, mobile device (including SMS and MMS), and/or email, even if you are on a corporate, state or national Do Not Call list. Consent is not required in order to purchase goods and services from the Lenders or service providers that reach out to you.You authorize GuideToLenders to obtain your credit report and Social Security Number from a credit bureau to verify your identity and match you with up to five lenders. You further authorize GuideToLenders to provide to these lenders your full Social Security Number and any information you submitted to GuideToLenders. You further authorize these lenders separately to obtain your consumer credit report, credit score, and other information from one or more consumer reporting agencies to verify your identity and provide you with quotes.You agree to QS' Privacy Policy, Terms of Use and Consent to Receive Electronic Communications] but found [By clicking See your offers now, you are providing your consent to the following:To be matched with up to five lenders or debt relief service providers and for them and/or GuidetoLenders/AmOne to contact you (including by automated dialing systems and text) by telephone, mobile device (including SMS and MMS), and/or email, even if you are on a corporate, state or national Do Not Call list. Consent is not required in order to purchase goods and services from the Lenders or service providers that reach out to you.You authorize AmOne to obtain your credit report and Social Security Number from a credit bureau to verify your identity and match you with up to five lenders. You further authorize AmOne to provide to these lenders your full Social Security Number and any information you submitted to AmOne. You further authorize these lenders separately to obtain your consumer credit report, credit score, and other information from one or more consumer reporting agencies to verify your identity and provide you with quotes.You agree to QS' Privacy Policy, Terms of Use and Consent to Receive Electronic Communications]
	at org.module.Mobile.validateDisclosureInfo(Mobile.java:119)
	at org.module.Mobile.PersonalLoanForm(Mobile.java:265)
	at org.testcases.SecureamoneTest.Mobile(SecureamoneTest.java:36)
... Removed 30 stack frames]]>
    </failure>
  </testcase> <!-- Mobile -->
</testsuite> <!-- Test -->
